<?xml version="1.0" encoding="UTF-8"?>
<testsuite xmlns:xsi="http://www.w3.org/2001/XMLSchema-instance" xsi:noNamespaceSchemaLocation="https://maven.apache.org/surefire/maven-surefire-plugin/xsd/surefire-test-report.xsd" name="com.uw.huskynavigation.AppTest" time="0.182" tests="1" errors="0" skipped="0" failures="0">
  <properties>
    <property name="java.specification.version" value="14"/>
    <property name="sun.cpu.isalist" value="amd64"/>
    <property name="sun.jnu.encoding" value="Cp1252"/>
    <property name="java.class.path" value="C:\Users\bcaki\OneDrive\Documents\University of Washington\2020 Fall Quarter\CSE 143\CSE 143 Project\Husky-Navigation\Server\huskynavigationserver\target\test-classes;C:\Users\bcaki\OneDrive\Documents\University of Washington\2020 Fall Quarter\CSE 143\CSE 143 Project\Husky-Navigation\Server\huskynavigationserver\target\classes;C:\Users\bcaki\.m2\repository\com\microsoft\azure\applicationinsights-web-auto\2.5.0\applicationinsights-web-auto-2.5.0.jar;C:\Users\bcaki\.m2\repository\junit\junit\4.11\junit-4.11.jar;C:\Users\bcaki\.m2\repository\org\hamcrest\hamcrest-core\1.3\hamcrest-core-1.3.jar;"/>
    <property name="java.vm.vendor" value="AdoptOpenJDK"/>
    <property name="sun.arch.data.model" value="64"/>
    <property name="user.variant" value=""/>
    <property name="java.vendor.url" value="https://adoptopenjdk.net/"/>
    <property name="user.timezone" value="America/Los_Angeles"/>
    <property name="os.name" value="Windows 10"/>
    <property name="java.vm.specification.version" value="14"/>
    <property name="sun.java.launcher" value="SUN_STANDARD"/>
    <property name="user.country" value="US"/>
    <property name="sun.boot.library.path" value="C:\Program Files\AdoptOpenJDK\jdk-14.0.1.7-hotspot\bin"/>
    <property name="sun.java.command" value="C:\Users\bcaki\AppData\Local\Temp\surefire1587924870597116608\surefirebooter7782078514663464484.jar C:\Users\bcaki\AppData\Local\Temp\surefire1587924870597116608 2020-12-11T03-47-55_798-jvmRun1 surefire13360185403063962540tmp surefire_011317576491150132134tmp"/>
    <property name="jdk.debug" value="release"/>
    <property name="surefire.test.class.path" value="C:\Users\bcaki\OneDrive\Documents\University of Washington\2020 Fall Quarter\CSE 143\CSE 143 Project\Husky-Navigation\Server\huskynavigationserver\target\test-classes;C:\Users\bcaki\OneDrive\Documents\University of Washington\2020 Fall Quarter\CSE 143\CSE 143 Project\Husky-Navigation\Server\huskynavigationserver\target\classes;C:\Users\bcaki\.m2\repository\com\microsoft\azure\applicationinsights-web-auto\2.5.0\applicationinsights-web-auto-2.5.0.jar;C:\Users\bcaki\.m2\repository\junit\junit\4.11\junit-4.11.jar;C:\Users\bcaki\.m2\repository\org\hamcrest\hamcrest-core\1.3\hamcrest-core-1.3.jar;"/>
    <property name="sun.cpu.endian" value="little"/>
    <property name="user.home" value="C:\Users\bcaki"/>
    <property name="user.language" value="en"/>
    <property name="java.specification.vendor" value="Oracle Corporation"/>
    <property name="java.version.date" value="2020-04-14"/>
    <property name="java.home" value="C:\Program Files\AdoptOpenJDK\jdk-14.0.1.7-hotspot"/>
    <property name="file.separator" value="\"/>
    <property name="basedir" value="C:\Users\bcaki\OneDrive\Documents\University of Washington\2020 Fall Quarter\CSE 143\CSE 143 Project\Husky-Navigation\Server\huskynavigationserver"/>
    <property name="java.vm.compressedOopsMode" value="Zero based"/>
    <property name="line.separator" value="&#10;"/>
    <property name="java.vm.specification.vendor" value="Oracle Corporation"/>
    <property name="java.specification.name" value="Java Platform API Specification"/>
    <property name="surefire.real.class.path" value="C:\Users\bcaki\AppData\Local\Temp\surefire1587924870597116608\surefirebooter7782078514663464484.jar"/>
    <property name="user.script" value=""/>
    <property name="sun.management.compiler" value="HotSpot 64-Bit Tiered Compilers"/>
    <property name="java.runtime.version" value="14.0.1+7"/>
    <property name="user.name" value="bcaki"/>
    <property name="path.separator" value=";"/>
    <property name="os.version" value="10.0"/>
    <property name="java.runtime.name" value="OpenJDK Runtime Environment"/>
    <property name="file.encoding" value="Cp1252"/>
    <property name="java.vm.name" value="OpenJDK 64-Bit Server VM"/>
    <property name="java.vendor.version" value="AdoptOpenJDK"/>
    <property name="localRepository" value="C:\Users\bcaki\.m2\repository"/>
    <property name="java.vendor.url.bug" value="https://github.com/AdoptOpenJDK/openjdk-support/issues"/>
    <property name="java.io.tmpdir" value="C:\Users\bcaki\AppData\Local\Temp\"/>
    <property name="java.version" value="14.0.1"/>
    <property name="user.dir" value="C:\Users\bcaki\OneDrive\Documents\University of Washington\2020 Fall Quarter\CSE 143\CSE 143 Project\Husky-Navigation\Server\huskynavigationserver"/>
    <property name="os.arch" value="amd64"/>
    <property name="java.vm.specification.name" value="Java Virtual Machine Specification"/>
    <property name="sun.os.patch.level" value=""/>
    <property name="java.library.path" value="C:\Program Files\AdoptOpenJDK\jdk-14.0.1.7-hotspot\bin;C:\WINDOWS\Sun\Java\bin;C:\WINDOWS\system32;C:\WINDOWS;C:\Program Files (x86)\Microsoft SDKs\Azure\CLI2\wbin;C:\Program Files (x86)\VMware\VMware Workstation\bin\;C:\Program Files\AdoptOpenJDK\jdk-14.0.1.7-hotspot\bin;C:\Program Files\Common Files\Microsoft Shared\Microsoft Online Services;C:\Program Files (x86)\Common Files\Microsoft Shared\Microsoft Online Services;C:\WINDOWS\system32;C:\WINDOWS;C:\WINDOWS\System32\Wbem;C:\WINDOWS\System32\WindowsPowerShell\v1.0\;C:\WINDOWS\System32\OpenSSH\;C:\Program Files\Intel\WiFi\bin\;C:\Program Files\Common Files\Intel\WirelessCommon\;C:\Program Files (x86)\Intel\Intel(R) Management Engine Components\DAL;C:\Program Files\Intel\Intel(R) Management Engine Components\DAL;C:\Program Files\Microsoft SQL Server\130\Tools\Binn\;C:\Program Files\Microsoft SQL Server\Client SDK\ODBC\170\Tools\Binn\;C:\Program Files (x86)\Wolfram Research\WolframScript\;C:\Program Files\Git\cmd;C:\Program Files\dotnet\;C:\Users\bcaki\.azure\apache-maven-3.6.3\bin;C:\Users\bcaki\AppData\Local\Microsoft\WindowsApps;C:\Users\bcaki\AppData\Local\Programs\Microsoft VS Code\bin;C:\Users\bcaki\AppData\Local\GitHubDesktop\bin;C:\Users\bcaki\.dotnet\tools;;."/>
    <property name="java.vm.info" value="mixed mode, sharing"/>
    <property name="java.vendor" value="AdoptOpenJDK"/>
    <property name="java.vm.version" value="14.0.1+7"/>
    <property name="sun.io.unicode.encoding" value="UnicodeLittle"/>
    <property name="java.class.version" value="58.0"/>
  </properties>
  <testcase name="shouldAnswerWithTrue" classname="com.uw.huskynavigation.AppTest" time="0.001"/>
</testsuite>